#
# A fatal error has been detected by the Java Runtime Environment:
#
#  SIGSEGV (0xb) at pc=0x00007fff88b5b8f2, pid=6401, tid=1811
#
# JRE version: Java(TM) SE Runtime Environment (7.0_60-b19) (build 1.7.0_60-b19)
# Java VM: Java HotSpot(TM) 64-Bit Server VM (24.60-b09 mixed mode bsd-amd64 compressed oops)
# Problematic frame:
# C  [libGPUSupportMercury.dylib+0xb8f2]  gldAttachDrawable+0x60
#
# Failed to write core dump. Core dumps have been disabled. To enable core dumping, try "ulimit -c unlimited" before starting Java again
#
# If you would like to submit a bug report, please visit:
#   http://bugreport.sun.com/bugreport/crash.jsp
# The crash happened outside the Java Virtual Machine in native code.
# See problematic frame for where to report the bug.
#

---------------  T H R E A D  ---------------

Current thread (0x00007f92ab807800):  JavaThread "AppKit Thread" daemon [_thread_in_native, id=1811, stack(0x00007fff58904000,0x00007fff58984000)]

siginfo:si_signo=SIGSEGV: si_errno=0, si_code=0 (SEGV0), si_addr=0x0000000000000000

Registers:
RAX=0x5000000000000000, RBX=0x000000000000271e, RCX=0x0000000000000000, RDX=0x00007f92ad300f18
RSP=0x00007fff5897d730, RBP=0x00007fff5897d830, RSI=0x0000000000000050, RDI=0x00007fff7a138070
R8 =0x00007f92af009e60, R9 =0x00007f92ae000600, R10=0x000000000000003c, R11=0x0000000000000206
R12=0x0000000000002718, R13=0x00007f92aa0b7a00, R14=0x0000000000000050, R15=0x0000000000000000
RIP=0x00007fff88b5b8f2, EFLAGS=0x0000000000010212, ERR=0x0000000000000000
  TRAPNO=0x000000000000000d

Top of Stack: (sp=0x00007fff5897d730)
0x00007fff5897d730:   00007fff5897d7a4 00007f92a9f29780
0x00007fff5897d740:   ffffffffffffffff 0000206000000040
0x00007fff5897d750:   00007f92a9f29798 00007fff950ca64f
0x00007fff5897d760:   0000000000000000 5000000000000000
0x00007fff5897d770:   0000000300000003 00007fff5897d8b8
0x00007fff5897d780:   00007fff5897d844 000000000002b79b
0x00007fff5897d790:   00007fff5897d83c 00007fff5897d840
0x00007fff5897d7a0:   00007fff5897d820 00007fff9518afa6
0x00007fff5897d7b0:   0000000000000000 0000000000000293
0x00007fff5897d7c0:   0000003400001200 0000040b00000000
0x00007fff5897d7d0:   00007fff5897d800 00007fff9513aeac
0x00007fff5897d7e0:   00007fff5897d830 0000000000000293
0x00007fff5897d7f0:   00000000042728c2 000000004763e286
0x00007fff5897d800:   fd0081c109cfae91 00007f92af000000
0x00007fff5897d810:   0000000000002718 0000000000000000
0x00007fff5897d820:   0000000000000050 0000000000000000
0x00007fff5897d830:   00007fff5897d880 00007fff8ec1c7e8
0x00007fff5897d840:   00007f92af009e60 0000000000000000
0x00007fff5897d850:   00007f92ad300f18 00007f92a9e3ffb0
0x00007fff5897d860:   0000000000000000 00007f92aa0b1350
0x00007fff5897d870:   00007f92aa0af400 00007fff7a138070
0x00007fff5897d880:   00007fff5897d970 00007fff9676d7ac
0x00007fff5897d890:   408c200000000000 4079000000000000
0x00007fff5897d8a0:   406e000000000000 4084000000000000
0x00007fff5897d8b0:   407f600000000000 0000000000000000
0x00007fff5897d8c0:   4036000000000000 4084000000000000
0x00007fff5897d8d0:   407e000000000000 0000000000000002
0x00007fff5897d8e0:   0000000000000000 0000000000000004
0x00007fff5897d8f0:   00007f92ad300f18 0000000000000004
0x00007fff5897d900:   00007fff5897d970 00007fff9677264c
0x00007fff5897d910:   0000000400000000 00007f92aa0b1350
0x00007fff5897d920:   00007f92aa0b1288 000000029753ffff 

Instructions: (pc=0x00007fff88b5b8f2)
0x00007fff88b5b8d2:   48 85 d2 b8 01 00 00 00 bb 15 27 00 00 0f 44 d8
0x00007fff88b5b8e2:   e9 7f 01 00 00 49 8b 45 08 48 89 85 38 ff ff ff
0x00007fff88b5b8f2:   48 8b 00 48 89 85 30 ff ff ff 83 fe 4f 0f 8f fd
0x00007fff88b5b902:   00 00 00 48 89 d0 bb 15 27 00 00 83 fe 35 0f 84 

Register to memory mapping:

RAX=0x5000000000000000 is an unknown value
RBX=0x000000000000271e is an unknown value
RCX=0x0000000000000000 is an unknown value
RDX=0x00007f92ad300f18 is an unknown value
RSP=0x00007fff5897d730 is pointing into the stack for thread: 0x00007f92ab807800
RBP=0x00007fff5897d830 is pointing into the stack for thread: 0x00007f92ab807800
RSI=0x0000000000000050 is an unknown value
RDI=0x00007fff7a138070: __stack_chk_guard+0 in /usr/lib/system/libsystem_c.dylib at 0x00007fff91634000
R8 =0x00007f92af009e60 is an unknown value
R9 =0x00007f92ae000600 is an unknown value
R10=0x000000000000003c is an unknown value
R11=0x0000000000000206 is an unknown value
R12=0x0000000000002718 is an unknown value
R13=0x00007f92aa0b7a00 is an unknown value
R14=0x0000000000000050 is an unknown value
R15=0x0000000000000000 is an unknown value


Stack: [0x00007fff58904000,0x00007fff58984000],  sp=0x00007fff5897d730,  free space=485k
Native frames: (J=compiled Java code, j=interpreted, Vv=VM code, C=native code)
C  [libGPUSupportMercury.dylib+0xb8f2]  gldAttachDrawable+0x60
C  [GLEngine+0x167e8]  gliAttachDrawableWithOptions+0x101
C  [OpenGL+0x37ac]  glcGetIOAccelService+0xe03
C  [OpenGL+0x73f3]  CGLSetPBuffer+0xb90
C  [OpenGL+0x7716]  CGLSetSurface+0x124
C  [AppKit+0x57e567]  NSOpenGLContextAttachOnScreenViewSurface+0x109
C  [AppKit+0x2c669b]  -[NSOpenGLContext setView:]+0x83
C  [liblwjgl.dylib+0xa586]  -[MacOSXOpenGLView lockFocus]+0x76
C  [AppKit+0x14e3c5]  -[NSView _recursiveDisplayRectIfNeededIgnoringOpacity:isVisibleRect:rectIsVisibleRectForView:topView:]+0x740
C  [AppKit+0x14f420]  -[NSView _recursiveDisplayRectIfNeededIgnoringOpacity:isVisibleRect:rectIsVisibleRectForView:topView:]+0x179b
C  [AppKit+0x14d773]  -[NSThemeFrame _recursiveDisplayRectIfNeededIgnoringOpacity:isVisibleRect:rectIsVisibleRectForView:topView:]+0x14d
C  [AppKit+0x14a2cb]  -[NSView _displayRectIgnoringOpacity:isVisibleRect:rectIsVisibleRectForView:]+0xac9
C  [AppKit+0x128e2d]  -[NSView displayIfNeeded]+0x754
C  [AppKit+0x1461c5]  -[NSWindow displayIfNeeded]+0xe8
C  [AppKit+0x183322]  _handleWindowNeedsDisplayOrLayoutOrUpdateConstraints+0x3a8
C  [Foundation+0x66db3]  __NSFireTimer+0x5f
C  [CoreFoundation+0xb5b64]  __CFRUNLOOP_IS_CALLING_OUT_TO_A_TIMER_CALLBACK_FUNCTION__+0x14
C  [CoreFoundation+0xb57f3]  __CFRunLoopDoTimer+0x423
C  [CoreFoundation+0x128dbd]  __CFRunLoopDoTimers+0x12d
C  [CoreFoundation+0x72288]  __CFRunLoopRun+0x7e8
C  [CoreFoundation+0x71858]  CFRunLoopRunSpecific+0x128
C  [HIToolbox+0x2eaef]  RunCurrentEventLoopInMode+0xeb
C  [HIToolbox+0x2e86a]  ReceiveNextEventCommon+0x1af
C  [HIToolbox+0x2e6ab]  _BlockUntilNextEventMatchingListInModeWithFilter+0x47
C  [AppKit+0x23f81]  _DPSNextEvent+0x3c4
C  [AppKit+0x23730]  -[NSApplication nextEventMatchingMask:untilDate:inMode:dequeue:]+0xc2
C  [libosxapp.dylib+0x24e3]  -[NSApplicationAWT nextEventMatchingMask:untilDate:inMode:dequeue:]+0x7c
C  [AppKit+0x17593]  -[NSApplication run]+0x252
C  [libosxapp.dylib+0x2346]  +[NSApplicationAWT runAWTLoopWithApp:]+0x9c
C  [liblwawt.dylib+0xd889]  -[AWTStarter starter:]+0x369
C  [Foundation+0x65cdc]  __NSThreadPerformPerform+0x125
C  [CoreFoundation+0x80681]  __CFRUNLOOP_IS_CALLING_OUT_TO_A_SOURCE0_PERFORM_FUNCTION__+0x11
C  [CoreFoundation+0x7280d]  __CFRunLoopDoSources0+0x10d
C  [CoreFoundation+0x71e3f]  __CFRunLoopRun+0x39f
C  [CoreFoundation+0x71858]  CFRunLoopRunSpecific+0x128
C  [java+0x73b0]  CreateExecutionEnvironment+0x367
C  [java+0x1b5c]  JLI_Launch+0x7a0
C  [java+0x770d]  main+0x65
C  [java+0x13b4]  start+0x34


---------------  P R O C E S S  ---------------

Java Threads: ( => current thread )
  0x00007f92ab884000 JavaThread "AWT-Shutdown" [_thread_blocked, id=30727, stack(0x000000011b8e3000,0x000000011b9e3000)]
=>0x00007f92ab807800 JavaThread "AppKit Thread" daemon [_thread_in_native, id=1811, stack(0x00007fff58904000,0x00007fff58984000)]
  0x00007f92ab01b800 JavaThread "Service Thread" daemon [_thread_blocked, id=19715, stack(0x0000000119e67000,0x0000000119f67000)]
  0x00007f92aa83d800 JavaThread "C2 CompilerThread1" daemon [_thread_blocked, id=19203, stack(0x0000000119d64000,0x0000000119e64000)]
  0x00007f92aa83c000 JavaThread "C2 CompilerThread0" daemon [_thread_blocked, id=18691, stack(0x0000000119c61000,0x0000000119d61000)]
  0x00007f92aa83b000 JavaThread "Signal Dispatcher" daemon [_thread_blocked, id=14615, stack(0x0000000119b5e000,0x0000000119c5e000)]
  0x00007f92aa01b000 JavaThread "Finalizer" daemon [_thread_blocked, id=13571, stack(0x000000011822c000,0x000000011832c000)]
  0x00007f92aa01a800 JavaThread "Reference Handler" daemon [_thread_blocked, id=13059, stack(0x0000000118129000,0x0000000118229000)]
  0x00007f92ab001000 JavaThread "main" [_thread_in_native, id=4867, stack(0x0000000108e60000,0x0000000108f60000)]

Other Threads:
  0x00007f92aa017800 VMThread [stack: 0x0000000118026000,0x0000000118126000] [id=12547]
  0x00007f92ab00a000 WatcherThread [stack: 0x0000000119f6a000,0x000000011a06a000] [id=20227]

VM state:not at safepoint (normal execution)

VM Mutex/Monitor currently owned by a thread: None

Heap
 PSYoungGen      total 76800K, used 8157K [0x00000007aaa80000, 0x00000007b0000000, 0x0000000800000000)
  eden space 66048K, 12% used [0x00000007aaa80000,0x00000007ab2775a8,0x00000007aeb00000)
  from space 10752K, 0% used [0x00000007af580000,0x00000007af580000,0x00000007b0000000)
  to   space 10752K, 0% used [0x00000007aeb00000,0x00000007aeb00000,0x00000007af580000)
 ParOldGen       total 174592K, used 0K [0x0000000700000000, 0x000000070aa80000, 0x00000007aaa80000)
  object space 174592K, 0% used [0x0000000700000000,0x0000000700000000,0x000000070aa80000)
 PSPermGen       total 21504K, used 5442K [0x00000006fae00000, 0x00000006fc300000, 0x0000000700000000)
  object space 21504K, 25% used [0x00000006fae00000,0x00000006fb3508a8,0x00000006fc300000)

Card table byte_map: [0x000000010c022000,0x000000010c84c000] byte_map_base: 0x000000010884b000

Polling page: 0x00000001073ce000

Code Cache  [0x0000000108f62000, 0x00000001091d2000, 0x000000010bf62000)
 total_blobs=329 nmethods=45 adapters=239 free_code_cache=48669Kb largest_free_block=49826240

Compilation events (10 events):
Event: 1.094 Thread 0x00007f92aa83d800 nmethod 38 0x0000000108fda590 code [0x0000000108fda6e0, 0x0000000108fda808]
Event: 1.095 Thread 0x00007f92aa83c000 nmethod 40 0x0000000108fd9e10 code [0x0000000108fd9f60, 0x0000000108fda068]
Event: 1.125 Thread 0x00007f92aa83d800   42             com.bryanthornbury.cs445.program1.Ellipse::hasNext (18 bytes)
Event: 1.125 Thread 0x00007f92aa83c000   43             com.bryanthornbury.cs445.program1.Coordinate2D::<init> (5 bytes)
Event: 1.125 Thread 0x00007f92aa83c000 nmethod 43 0x0000000108fdbf10 code [0x0000000108fdc040, 0x0000000108fdc098]
Event: 1.125 Thread 0x00007f92aa83c000   44             com.bryanthornbury.cs445.program1.Ellipse::next (88 bytes)
Event: 1.125 Thread 0x00007f92aa83d800 nmethod 42 0x0000000108fdcc90 code [0x0000000108fdcde0, 0x0000000108fdce58]
Event: 1.127 Thread 0x00007f92aa83c000 nmethod 44 0x0000000108fdd210 code [0x0000000108fdd380, 0x0000000108fdd578]
Event: 1.391 Thread 0x00007f92aa83d800   45 %           com.bryanthornbury.cs445.program1.Program1::loop @ 50 (108 bytes)
Event: 1.413 Thread 0x00007f92aa83d800 nmethod 45% 0x0000000108fd6b50 code [0x0000000108fd6e00, 0x0000000108fd77d0]

GC Heap History (0 events):
No events

Deoptimization events (0 events):
No events

Internal exceptions (10 events):
Event: 0.461 Thread 0x00007f92ab001000 Threw 0x00000007ab0ad780 at /HUDSON/workspace/7u-2-build-macosx-x86_64/jdk7u60/1081/hotspot/src/share/vm/prims/jvm.cpp:1244
Event: 0.461 Thread 0x00007f92ab001000 Threw 0x00000007ab0b0950 at /HUDSON/workspace/7u-2-build-macosx-x86_64/jdk7u60/1081/hotspot/src/share/vm/prims/jvm.cpp:1244
Event: 0.461 Thread 0x00007f92ab001000 Threw 0x00000007ab0b0a78 at /HUDSON/workspace/7u-2-build-macosx-x86_64/jdk7u60/1081/hotspot/src/share/vm/prims/jvm.cpp:1244
Event: 0.473 Thread 0x00007f92ab001000 Threw 0x00000007ab0c55c8 at /HUDSON/workspace/7u-2-build-macosx-x86_64/jdk7u60/1081/hotspot/src/share/vm/prims/jvm.cpp:1244
Event: 0.473 Thread 0x00007f92ab001000 Threw 0x00000007ab0c8fc0 at /HUDSON/workspace/7u-2-build-macosx-x86_64/jdk7u60/1081/hotspot/src/share/vm/prims/jvm.cpp:1244
Event: 0.474 Thread 0x00007f92ab001000 Threw 0x00000007ab0ccfe8 at /HUDSON/workspace/7u-2-build-macosx-x86_64/jdk7u60/1081/hotspot/src/share/vm/prims/jvm.cpp:1244
Event: 0.474 Thread 0x00007f92ab001000 Threw 0x00000007ab0d09f0 at /HUDSON/workspace/7u-2-build-macosx-x86_64/jdk7u60/1081/hotspot/src/share/vm/prims/jvm.cpp:1244
Event: 0.475 Thread 0x00007f92ab001000 Threw 0x00000007ab0d5008 at /HUDSON/workspace/7u-2-build-macosx-x86_64/jdk7u60/1081/hotspot/src/share/vm/prims/jvm.cpp:1244
Event: 0.490 Thread 0x00007f92ab001000 Threw 0x00000007ab0dc008 at /HUDSON/workspace/7u-2-build-macosx-x86_64/jdk7u60/1081/hotspot/src/share/vm/prims/jvm.cpp:1244
Event: 0.491 Thread 0x00007f92ab001000 Threw 0x00000007ab0dfee0 at /HUDSON/workspace/7u-2-build-macosx-x86_64/jdk7u60/1081/hotspot/src/share/vm/prims/jvm.cpp:1244

Events (10 events):
Event: 0.474 loading class 0x00007f92a9c83800
Event: 0.474 loading class 0x00007f92a9c83800 done
Event: 0.475 loading class 0x00007f92ad202220
Event: 0.475 loading class 0x00007f92ad202220 done
Event: 0.490 loading class 0x00007f92a9c45ce0
Event: 0.490 loading class 0x00007f92a9c45ce0 done
Event: 0.490 loading class 0x00007f92a9f4c130
Event: 0.490 loading class 0x00007f92a9f4c130 done
Event: 3.742 loading class 0x00007f92a9c58e10
Event: 3.742 loading class 0x00007f92a9c58e10 done


Dynamic libraries:
0x0000000008b45000 	/System/Library/Frameworks/Cocoa.framework/Versions/A/Cocoa
0x0000000008b45000 	/System/Library/Frameworks/Security.framework/Versions/A/Security
0x0000000008b45000 	/System/Library/Frameworks/ApplicationServices.framework/Versions/A/ApplicationServices
0x0000000008b45000 	/usr/lib/libz.1.dylib
0x0000000008b45000 	/usr/lib/libSystem.B.dylib
0x0000000008b45000 	/usr/lib/libobjc.A.dylib
0x0000000008b45000 	/System/Library/Frameworks/CoreFoundation.framework/Versions/A/CoreFoundation
0x0000000008b45000 	/System/Library/Frameworks/Foundation.framework/Versions/C/Foundation
0x0000000008b45000 	/System/Library/Frameworks/AppKit.framework/Versions/C/AppKit
0x0000000008b45000 	/System/Library/Frameworks/CoreData.framework/Versions/A/CoreData
0x0000000008b45000 	/System/Library/PrivateFrameworks/RemoteViewServices.framework/Versions/A/RemoteViewServices
0x0000000008b45000 	/System/Library/PrivateFrameworks/UIFoundation.framework/Versions/A/UIFoundation
0x0000000008b45000 	/System/Library/Frameworks/IOSurface.framework/Versions/A/IOSurface
0x0000000008b45000 	/System/Library/Frameworks/AudioToolbox.framework/Versions/A/AudioToolbox
0x0000000008b45000 	/System/Library/Frameworks/AudioUnit.framework/Versions/A/AudioUnit
0x0000000008b45000 	/System/Library/PrivateFrameworks/DataDetectorsCore.framework/Versions/A/DataDetectorsCore
0x0000000008b45000 	/System/Library/PrivateFrameworks/DesktopServicesPriv.framework/Versions/A/DesktopServicesPriv
0x0000000008b45000 	/System/Library/Frameworks/Carbon.framework/Versions/A/Frameworks/HIToolbox.framework/Versions/A/HIToolbox
0x0000000008b45000 	/System/Library/Frameworks/QuartzCore.framework/Versions/A/QuartzCore
0x0000000008b45000 	/System/Library/Frameworks/Carbon.framework/Versions/A/Frameworks/SpeechRecognition.framework/Versions/A/SpeechRecognition
0x0000000008b45000 	/usr/lib/libauto.dylib
0x0000000008b45000 	/usr/lib/libicucore.A.dylib
0x0000000008b45000 	/usr/lib/libxml2.2.dylib
0x0000000008b45000 	/System/Library/PrivateFrameworks/CoreUI.framework/Versions/A/CoreUI
0x0000000008b45000 	/System/Library/Frameworks/CoreAudio.framework/Versions/A/CoreAudio
0x0000000008b45000 	/System/Library/Frameworks/DiskArbitration.framework/Versions/A/DiskArbitration
0x0000000008b45000 	/usr/lib/liblangid.dylib
0x0000000008b45000 	/System/Library/PrivateFrameworks/MultitouchSupport.framework/Versions/A/MultitouchSupport
0x0000000008b45000 	/System/Library/Frameworks/IOKit.framework/Versions/A/IOKit
0x0000000008b45000 	/usr/lib/libDiagnosticMessagesClient.dylib
0x0000000008b45000 	/System/Library/Frameworks/CoreServices.framework/Versions/A/CoreServices
0x0000000008b45000 	/System/Library/PrivateFrameworks/PerformanceAnalysis.framework/Versions/A/PerformanceAnalysis
0x0000000008b45000 	/System/Library/PrivateFrameworks/GenerationalStorage.framework/Versions/A/GenerationalStorage
0x0000000008b45000 	/System/Library/Frameworks/OpenGL.framework/Versions/A/OpenGL
0x0000000008b45000 	/System/Library/PrivateFrameworks/Sharing.framework/Versions/A/Sharing
0x0000000008b45000 	/System/Library/Frameworks/CoreGraphics.framework/Versions/A/CoreGraphics
0x0000000008b45000 	/System/Library/Frameworks/CoreText.framework/Versions/A/CoreText
0x0000000008b45000 	/System/Library/Frameworks/ImageIO.framework/Versions/A/ImageIO
0x0000000008b45000 	/usr/lib/libextension.dylib
0x0000000008b45000 	/System/Library/PrivateFrameworks/Backup.framework/Versions/A/Backup
0x0000000008b45000 	/usr/lib/libarchive.2.dylib
0x0000000008b45000 	/System/Library/Frameworks/CFNetwork.framework/Versions/A/CFNetwork
0x0000000008b45000 	/System/Library/Frameworks/SystemConfiguration.framework/Versions/A/SystemConfiguration
0x0000000008b45000 	/usr/lib/libCRFSuite.dylib
0x0000000008b45000 	/usr/lib/libc++.1.dylib
0x0000000008b45000 	/usr/lib/libc++abi.dylib
0x0000000008b45000 	/usr/lib/system/libcache.dylib
0x0000000008b45000 	/usr/lib/system/libcommonCrypto.dylib
0x0000000008b45000 	/usr/lib/system/libcompiler_rt.dylib
0x0000000008b45000 	/usr/lib/system/libcopyfile.dylib
0x0000000008b45000 	/usr/lib/system/libcorecrypto.dylib
0x0000000008b45000 	/usr/lib/system/libdispatch.dylib
0x0000000008b45000 	/usr/lib/system/libdyld.dylib
0x0000000008b45000 	/usr/lib/system/libkeymgr.dylib
0x0000000008b45000 	/usr/lib/system/liblaunch.dylib
0x0000000008b45000 	/usr/lib/system/libmacho.dylib
0x0000000008b45000 	/usr/lib/system/libquarantine.dylib
0x0000000008b45000 	/usr/lib/system/libremovefile.dylib
0x0000000008b45000 	/usr/lib/system/libsystem_asl.dylib
0x0000000008b45000 	/usr/lib/system/libsystem_blocks.dylib
0x0000000008b45000 	/usr/lib/system/libsystem_c.dylib
0x0000000008b45000 	/usr/lib/system/libsystem_configuration.dylib
0x0000000008b45000 	/usr/lib/system/libsystem_coreservices.dylib
0x0000000008b45000 	/usr/lib/system/libsystem_coretls.dylib
0x0000000008b45000 	/usr/lib/system/libsystem_dnssd.dylib
0x0000000008b45000 	/usr/lib/system/libsystem_info.dylib
0x0000000008b45000 	/usr/lib/system/libsystem_kernel.dylib
0x0000000008b45000 	/usr/lib/system/libsystem_m.dylib
0x0000000008b45000 	/usr/lib/system/libsystem_malloc.dylib
0x0000000008b45000 	/usr/lib/system/libsystem_network.dylib
0x0000000008b45000 	/usr/lib/system/libsystem_networkextension.dylib
0x0000000008b45000 	/usr/lib/system/libsystem_notify.dylib
0x0000000008b45000 	/usr/lib/system/libsystem_platform.dylib
0x0000000008b45000 	/usr/lib/system/libsystem_pthread.dylib
0x0000000008b45000 	/usr/lib/system/libsystem_sandbox.dylib
0x0000000008b45000 	/usr/lib/system/libsystem_secinit.dylib
0x0000000008b45000 	/usr/lib/system/libsystem_stats.dylib
0x0000000008b45000 	/usr/lib/system/libsystem_trace.dylib
0x0000000008b45000 	/usr/lib/system/libunc.dylib
0x0000000008b45000 	/usr/lib/system/libunwind.dylib
0x0000000008b45000 	/usr/lib/system/libxpc.dylib
0x0000000008b45000 	/usr/lib/libbz2.1.0.dylib
0x0000000008b45000 	/usr/lib/liblzma.5.dylib
0x0000000008b45000 	/usr/lib/libbsm.0.dylib
0x0000000008b45000 	/usr/lib/libsqlite3.dylib
0x0000000008b45000 	/usr/lib/system/libkxld.dylib
0x0000000008b45000 	/usr/lib/libxar.1.dylib
0x0000000008b45000 	/usr/lib/libpam.2.dylib
0x0000000008b45000 	/usr/lib/libOpenScriptingUtil.dylib
0x0000000008b45000 	/System/Library/Frameworks/CoreServices.framework/Versions/A/Frameworks/FSEvents.framework/Versions/A/FSEvents
0x0000000008b45000 	/System/Library/Frameworks/CoreServices.framework/Versions/A/Frameworks/CarbonCore.framework/Versions/A/CarbonCore
0x0000000008b45000 	/System/Library/Frameworks/CoreServices.framework/Versions/A/Frameworks/Metadata.framework/Versions/A/Metadata
0x0000000008b45000 	/System/Library/Frameworks/CoreServices.framework/Versions/A/Frameworks/OSServices.framework/Versions/A/OSServices
0x0000000008b45000 	/System/Library/Frameworks/CoreServices.framework/Versions/A/Frameworks/SearchKit.framework/Versions/A/SearchKit
0x0000000008b45000 	/System/Library/Frameworks/CoreServices.framework/Versions/A/Frameworks/AE.framework/Versions/A/AE
0x0000000008b45000 	/System/Library/Frameworks/CoreServices.framework/Versions/A/Frameworks/LaunchServices.framework/Versions/A/LaunchServices
0x0000000008b45000 	/System/Library/Frameworks/CoreServices.framework/Versions/A/Frameworks/DictionaryServices.framework/Versions/A/DictionaryServices
0x0000000008b45000 	/System/Library/Frameworks/NetFS.framework/Versions/A/NetFS
0x0000000008b45000 	/System/Library/PrivateFrameworks/NetAuth.framework/Versions/A/NetAuth
0x0000000008b45000 	/System/Library/PrivateFrameworks/login.framework/Versions/A/Frameworks/loginsupport.framework/Versions/A/loginsupport
0x0000000008b45000 	/System/Library/PrivateFrameworks/TCC.framework/Versions/A/TCC
0x0000000008b45000 	/usr/lib/libmecabra.dylib
0x0000000008b45000 	/System/Library/Frameworks/ApplicationServices.framework/Versions/A/Frameworks/ATS.framework/Versions/A/ATS
0x0000000008b45000 	/System/Library/Frameworks/ApplicationServices.framework/Versions/A/Frameworks/ColorSync.framework/Versions/A/ColorSync
0x0000000008b45000 	/System/Library/Frameworks/ApplicationServices.framework/Versions/A/Frameworks/HIServices.framework/Versions/A/HIServices
0x0000000008b45000 	/System/Library/Frameworks/ApplicationServices.framework/Versions/A/Frameworks/LangAnalysis.framework/Versions/A/LangAnalysis
0x0000000008b45000 	/System/Library/Frameworks/ApplicationServices.framework/Versions/A/Frameworks/PrintCore.framework/Versions/A/PrintCore
0x0000000008b45000 	/System/Library/Frameworks/ApplicationServices.framework/Versions/A/Frameworks/QD.framework/Versions/A/QD
0x0000000008b45000 	/System/Library/Frameworks/ApplicationServices.framework/Versions/A/Frameworks/SpeechSynthesis.framework/Versions/A/SpeechSynthesis
0x0000000008b45000 	/System/Library/Frameworks/Accelerate.framework/Versions/A/Accelerate
0x0000000008b45000 	/System/Library/Frameworks/Accelerate.framework/Versions/A/Frameworks/vImage.framework/Versions/A/vImage
0x0000000008b45000 	/System/Library/Frameworks/Accelerate.framework/Versions/A/Frameworks/vecLib.framework/Versions/A/vecLib
0x0000000008b45000 	/System/Library/Frameworks/Accelerate.framework/Versions/A/Frameworks/vecLib.framework/Versions/A/libvDSP.dylib
0x0000000008b45000 	/System/Library/Frameworks/Accelerate.framework/Versions/A/Frameworks/vecLib.framework/Versions/A/libvMisc.dylib
0x0000000008b45000 	/System/Library/Frameworks/Accelerate.framework/Versions/A/Frameworks/vecLib.framework/Versions/A/libLAPACK.dylib
0x0000000008b45000 	/System/Library/Frameworks/Accelerate.framework/Versions/A/Frameworks/vecLib.framework/Versions/A/libBLAS.dylib
0x0000000008b45000 	/System/Library/Frameworks/Accelerate.framework/Versions/A/Frameworks/vecLib.framework/Versions/A/libLinearAlgebra.dylib
0x0000000008b45000 	/System/Library/Frameworks/ApplicationServices.framework/Versions/A/Frameworks/ATS.framework/Versions/A/Resources/libFontParser.dylib
0x0000000008b45000 	/System/Library/Frameworks/ApplicationServices.framework/Versions/A/Frameworks/ATS.framework/Versions/A/Resources/libFontRegistry.dylib
0x0000000008b45000 	/System/Library/PrivateFrameworks/AppleVPA.framework/Versions/A/AppleVPA
0x0000000008b45000 	/System/Library/PrivateFrameworks/AppleJPEG.framework/Versions/A/AppleJPEG
0x0000000008b45000 	/System/Library/Frameworks/ImageIO.framework/Versions/A/Resources/libJPEG.dylib
0x0000000008b45000 	/System/Library/Frameworks/ImageIO.framework/Versions/A/Resources/libTIFF.dylib
0x0000000008b45000 	/System/Library/Frameworks/ImageIO.framework/Versions/A/Resources/libPng.dylib
0x0000000008b45000 	/System/Library/Frameworks/ImageIO.framework/Versions/A/Resources/libGIF.dylib
0x0000000008b45000 	/System/Library/Frameworks/ImageIO.framework/Versions/A/Resources/libJP2.dylib
0x0000000008b45000 	/System/Library/Frameworks/ImageIO.framework/Versions/A/Resources/libRadiance.dylib
0x0000000008b45000 	/System/Library/Frameworks/CoreVideo.framework/Versions/A/CoreVideo
0x0000000008b45000 	/System/Library/Frameworks/OpenGL.framework/Versions/A/Libraries/libGLU.dylib
0x0000000008b45000 	/System/Library/Frameworks/OpenGL.framework/Versions/A/Libraries/libGFXShared.dylib
0x0000000008b45000 	/System/Library/Frameworks/OpenGL.framework/Versions/A/Libraries/libGL.dylib
0x0000000008b45000 	/System/Library/Frameworks/OpenGL.framework/Versions/A/Libraries/libGLImage.dylib
0x0000000008b45000 	/System/Library/Frameworks/OpenGL.framework/Versions/A/Libraries/libCVMSPluginSupport.dylib
0x0000000008b45000 	/System/Library/Frameworks/OpenGL.framework/Versions/A/Libraries/libCoreVMClient.dylib
0x0000000008b45000 	/usr/lib/libcups.2.dylib
0x0000000008b45000 	/System/Library/Frameworks/Kerberos.framework/Versions/A/Kerberos
0x0000000008b45000 	/System/Library/Frameworks/GSS.framework/Versions/A/GSS
0x0000000008b45000 	/usr/lib/libresolv.9.dylib
0x0000000008b45000 	/usr/lib/libiconv.2.dylib
0x0000000008b45000 	/System/Library/PrivateFrameworks/Heimdal.framework/Versions/A/Heimdal
0x0000000008b45000 	/usr/lib/libheimdal-asn1.dylib
0x0000000008b45000 	/System/Library/Frameworks/OpenDirectory.framework/Versions/A/OpenDirectory
0x0000000008b45000 	/System/Library/PrivateFrameworks/CommonAuth.framework/Versions/A/CommonAuth
0x0000000008b45000 	/System/Library/Frameworks/OpenDirectory.framework/Versions/A/Frameworks/CFOpenDirectory.framework/Versions/A/CFOpenDirectory
0x0000000008b45000 	/System/Library/Frameworks/SecurityFoundation.framework/Versions/A/SecurityFoundation
0x0000000008b45000 	/System/Library/PrivateFrameworks/LanguageModeling.framework/Versions/A/LanguageModeling
0x0000000008b45000 	/usr/lib/libcmph.dylib
0x0000000008b45000 	/System/Library/Frameworks/ServiceManagement.framework/Versions/A/ServiceManagement
0x0000000008b45000 	/usr/lib/libxslt.1.dylib
0x0000000008b45000 	/System/Library/Frameworks/Carbon.framework/Versions/A/Frameworks/Ink.framework/Versions/A/Ink
0x0000000008b45000 	/System/Library/Frameworks/QuartzCore.framework/Versions/A/Frameworks/CoreImage.framework/Versions/A/CoreImage
0x0000000008b45000 	/System/Library/PrivateFrameworks/CrashReporterSupport.framework/Versions/A/CrashReporterSupport
0x0000000008b45000 	/System/Library/Frameworks/OpenCL.framework/Versions/A/OpenCL
0x0000000008b45000 	/System/Library/PrivateFrameworks/FaceCore.framework/Versions/A/FaceCore
0x0000000008b45000 	/System/Library/PrivateFrameworks/Ubiquity.framework/Versions/A/Ubiquity
0x0000000008b45000 	/System/Library/PrivateFrameworks/IconServices.framework/Versions/A/IconServices
0x0000000008b45000 	/System/Library/PrivateFrameworks/ChunkingLibrary.framework/Versions/A/ChunkingLibrary
0x0000000008b45000 	/System/Library/PrivateFrameworks/Apple80211.framework/Versions/A/Apple80211
0x0000000008b45000 	/System/Library/Frameworks/CoreWLAN.framework/Versions/A/CoreWLAN
0x0000000008b45000 	/System/Library/Frameworks/IOBluetooth.framework/Versions/A/IOBluetooth
0x0000000008b45000 	/System/Library/PrivateFrameworks/CoreWiFi.framework/Versions/A/CoreWiFi
0x0000000008b45000 	/System/Library/Frameworks/CoreBluetooth.framework/Versions/A/CoreBluetooth
0x0000000008b45000 	/System/Library/PrivateFrameworks/DebugSymbols.framework/Versions/A/DebugSymbols
0x0000000008b45000 	/System/Library/PrivateFrameworks/CoreSymbolication.framework/Versions/A/CoreSymbolication
0x0000000008b45000 	/System/Library/PrivateFrameworks/Symbolication.framework/Versions/A/Symbolication
0x0000000008b45000 	/System/Library/PrivateFrameworks/SpeechRecognitionCore.framework/Versions/A/SpeechRecognitionCore
0x0000000108400000 	/Library/Java/JavaVirtualMachines/jdk1.7.0_60.jdk/Contents/Home/jre/lib/server/libjvm.dylib
0x0000000008b45000 	/usr/lib/libstdc++.6.dylib
0x0000000107391000 	/Library/Java/JavaVirtualMachines/jdk1.7.0_60.jdk/Contents/Home/jre/lib/libverify.dylib
0x000000010739e000 	/Library/Java/JavaVirtualMachines/jdk1.7.0_60.jdk/Contents/Home/jre/lib/libjava.dylib
0x00000001073d8000 	/Library/Java/JavaVirtualMachines/jdk1.7.0_60.jdk/Contents/Home/jre/lib/libzip.dylib
0x00000001073e2000 	/System/Library/Frameworks/JavaVM.framework/Frameworks/JavaRuntimeSupport.framework/JavaRuntimeSupport
0x000000011832e000 	/System/Library/Frameworks/JavaVM.framework/Versions/A/Frameworks/JavaNativeFoundation.framework/Versions/A/JavaNativeFoundation
0x0000000118343000 	/System/Library/Frameworks/JavaVM.framework/Versions/A/JavaVM
0x0000000008b45000 	/System/Library/Frameworks/Carbon.framework/Versions/A/Carbon
0x0000000118350000 	/System/Library/PrivateFrameworks/JavaLaunching.framework/Versions/A/JavaLaunching
0x0000000008b45000 	/System/Library/Frameworks/Carbon.framework/Versions/A/Frameworks/CommonPanels.framework/Versions/A/CommonPanels
0x0000000008b45000 	/System/Library/Frameworks/Carbon.framework/Versions/A/Frameworks/Help.framework/Versions/A/Help
0x0000000008b45000 	/System/Library/Frameworks/Carbon.framework/Versions/A/Frameworks/ImageCapture.framework/Versions/A/ImageCapture
0x0000000008b45000 	/System/Library/Frameworks/Carbon.framework/Versions/A/Frameworks/OpenScripting.framework/Versions/A/OpenScripting
0x0000000008b45000 	/System/Library/Frameworks/Carbon.framework/Versions/A/Frameworks/Print.framework/Versions/A/Print
0x0000000008b45000 	/System/Library/Frameworks/Carbon.framework/Versions/A/Frameworks/SecurityHI.framework/Versions/A/SecurityHI
0x000000011a0b4000 	/Library/Java/JavaVirtualMachines/jdk1.7.0_60.jdk/Contents/Home/jre/lib/libawt.dylib
0x000000011a163000 	/Library/Java/JavaVirtualMachines/jdk1.7.0_60.jdk/Contents/Home/jre/lib/./libmlib_image.dylib
0x000000011a22f000 	/Library/Java/JavaVirtualMachines/jdk1.7.0_60.jdk/Contents/Home/jre/lib/lwawt/liblwawt.dylib
0x000000011a2e3000 	/Library/Java/JavaVirtualMachines/jdk1.7.0_60.jdk/Contents/Home/jre/lib/libosxapp.dylib
0x0000000008b45000 	/System/Library/Frameworks/ExceptionHandling.framework/Versions/A/ExceptionHandling
0x0000000008b45000 	/System/Library/PrivateFrameworks/CoreServicesInternal.framework/Versions/A/CoreServicesInternal
0x0000000008b45000 	/System/Library/PrivateFrameworks/CloudDocs.framework/Versions/A/CloudDocs
0x0000000008b45000 	/System/Library/PrivateFrameworks/CoreDuet.framework/Versions/A/CoreDuet
0x0000000008b45000 	/System/Library/Frameworks/CloudKit.framework/Versions/A/CloudKit
0x0000000008b45000 	/System/Library/PrivateFrameworks/ProtocolBuffer.framework/Versions/A/ProtocolBuffer
0x0000000008b45000 	/System/Library/PrivateFrameworks/CoreDuetDaemonProtocol.framework/Versions/A/CoreDuetDaemonProtocol
0x0000000008b45000 	/System/Library/PrivateFrameworks/CoreDuetDebugLogging.framework/Versions/A/CoreDuetDebugLogging
0x0000000008b45000 	/System/Library/Frameworks/CoreLocation.framework/Versions/A/CoreLocation
0x0000000008b45000 	/System/Library/Frameworks/Accounts.framework/Versions/A/Accounts
0x0000000008b45000 	/System/Library/PrivateFrameworks/ApplePushService.framework/Versions/A/ApplePushService
0x0000000008b45000 	/System/Library/PrivateFrameworks/GeoServices.framework/Versions/A/GeoServices
0x0000000008b45000 	/System/Library/PrivateFrameworks/OAuth.framework/Versions/A/OAuth
0x0000000008b45000 	/System/Library/PrivateFrameworks/CoreDaemon.framework/Versions/B/CoreDaemon
0x0000000008b45000 	/usr/lib/libcrypto.0.9.8.dylib
0x0000000008b45000 	/System/Library/PrivateFrameworks/AppleSRP.framework/Versions/A/AppleSRP
0x0000000008b45000 	/System/Library/PrivateFrameworks/TrustEvaluationAgent.framework/Versions/A/TrustEvaluationAgent
0x0000000008b45000 	/System/Library/Frameworks/CoreGraphics.framework/Versions/A/Resources/libCGCMS.A.dylib
0x0000000008b45000 	/System/Library/Frameworks/CoreGraphics.framework/Versions/A/Resources/libRIP.A.dylib
0x0000000008b45000 	/System/Library/Frameworks/CoreGraphics.framework/Versions/A/Resources/libCGXType.A.dylib
0x0000000008b45000 	/System/Library/Frameworks/OpenCL.framework/Versions/A/Libraries/libcldcpuengine.dylib
0x0000000008b45000 	/System/Library/PrivateFrameworks/DiskImages.framework/Versions/A/DiskImages
0x0000000008b45000 	/System/Library/Frameworks/DiscRecording.framework/Versions/A/DiscRecording
0x0000000008b45000 	/usr/lib/libcsfde.dylib
0x0000000008b45000 	/usr/lib/libcurl.4.dylib
0x0000000008b45000 	/System/Library/PrivateFrameworks/MediaKit.framework/Versions/A/MediaKit
0x0000000008b45000 	/System/Library/PrivateFrameworks/ProtectedCloudStorage.framework/Versions/A/ProtectedCloudStorage
0x0000000008b45000 	/usr/lib/libCoreStorage.dylib
0x0000000008b45000 	/System/Library/PrivateFrameworks/EFILogin.framework/Versions/A/EFILogin
0x0000000008b45000 	/usr/lib/libutil.dylib
0x0000000008b45000 	/System/Library/PrivateFrameworks/FindMyDevice.framework/Versions/A/FindMyDevice
0x0000000008b45000 	/System/Library/Frameworks/LDAP.framework/Versions/A/LDAP
0x0000000008b45000 	/usr/lib/libsasl2.2.dylib
0x000000011d08c000 	cl_kernels
0x000000011d08e000 	/System/Library/Frameworks/OpenCL.framework/Versions/A/Libraries/ImageFormats/unorm8_bgra.dylib
0x000000011d07d000 	cl_kernels
0x0000000008b45000 	/System/Library/PrivateFrameworks/FamilyControls.framework/Versions/A/FamilyControls
0x0000000008b45000 	/System/Library/PrivateFrameworks/CommerceKit.framework/Versions/A/Frameworks/CommerceCore.framework/Versions/A/CommerceCore
0x0000000008b45000 	/System/Library/PrivateFrameworks/SystemAdministration.framework/Versions/A/SystemAdministration
0x0000000008b45000 	/System/Library/PrivateFrameworks/AppContainer.framework/Versions/A/AppContainer
0x0000000008b45000 	/System/Library/PrivateFrameworks/SecCodeWrapper.framework/Versions/A/SecCodeWrapper
0x0000000008b45000 	/System/Library/Frameworks/DirectoryService.framework/Versions/A/DirectoryService
0x0000000008b45000 	/System/Library/PrivateFrameworks/LoginUIKit.framework/Versions/A/Frameworks/LoginUICore.framework/Versions/A/LoginUICore
0x0000000008b45000 	/usr/lib/libodfde.dylib
0x000000011e390000 	/Library/Java/JavaVirtualMachines/jdk1.7.0_60.jdk/Contents/Home/jre/lib/libfontmanager.dylib
0x000000011e3f7000 	/Users/mozoby/Code_Work_SSD/school/cs445/netbeans/Program1/lib/lwjgl-2.9/native/macosx/liblwjgl.dylib
0x000000011c5bc000 	/Library/Java/JavaVirtualMachines/jdk1.7.0_60.jdk/Contents/Home/jre/lib/libjawt.dylib
0x0000000008b45000 	/System/Library/Frameworks/OpenGL.framework/Versions/A/Resources/GLEngine.bundle/GLEngine
0x0000000008b45000 	/System/Library/Frameworks/OpenGL.framework/Versions/A/Libraries/libGLProgrammability.dylib
0x0000000000000000 	/System/Library/Extensions/AppleIntelHD3000GraphicsGLDriver.bundle/Contents/MacOS/AppleIntelHD3000GraphicsGLDriver
0x000000011c5bf000 	/System/Library/PrivateFrameworks/GPUSupport.framework/Versions/A/Libraries/libGPUSupport.dylib
0x0000000000000000 	/System/Library/Extensions/AMDRadeonX3000GLDriver.bundle/Contents/MacOS/AMDRadeonX3000GLDriver
0x0000000008b45000 	/System/Library/PrivateFrameworks/IOAccelerator.framework/Versions/A/IOAccelerator
0x0000000008b45000 	/System/Library/PrivateFrameworks/GPUSupport.framework/Versions/A/Libraries/libGPUSupportMercury.dylib
0x0000000008b45000 	/System/Library/Frameworks/OpenGL.framework/Versions/A/Resources/GLRendererFloat.bundle/GLRendererFloat
0x000000011eb03000 	/Library/Java/JavaVirtualMachines/jdk1.7.0_60.jdk/Contents/Home/jre/lib/libnet.dylib
0x000000011eb18000 	/Library/Java/JavaVirtualMachines/jdk1.7.0_60.jdk/Contents/Home/jre/lib/libnio.dylib

VM Arguments:
jvm_args: -Dfile.encoding=UTF-8 -Djava.library.path=./lib/lwjgl-2.9/native/macosx 
java_command: com.bryanthornbury.cs445.program1.Program1
Launcher Type: SUN_STANDARD

Environment Variables:
PATH=/usr/bin:/bin:/usr/sbin:/sbin
LD_LIBRARY_PATH=/Library/Java/JavaVirtualMachines/jdk1.7.0_60.jdk/Contents/Home/jre/lib/amd64:/Library/Java/JavaVirtualMachines/jdk1.7.0_60.jdk/Contents/Home/jre/lib/i386:
SHELL=/bin/zsh
DISPLAY=/private/tmp/com.apple.launchd.l8fKP0lgXk/org.macosforge.xquartz:0
DYLD_LIBRARY_PATH=/Applications/NetBeans/NetBeans 8.0.2.app/Contents/Resources/NetBeans/webcommon/bin:

Signal Handlers:
SIGSEGV: [libjvm.dylib+0x52b7b1], sa_mask[0]=0xfffefeff, sa_flags=0x00000043
SIGBUS: [libjvm.dylib+0x52b7b1], sa_mask[0]=0xfffefeff, sa_flags=0x00000042
SIGFPE: [libjvm.dylib+0x41e28a], sa_mask[0]=0xfffefeff, sa_flags=0x00000042
SIGPIPE: [libjvm.dylib+0x41e28a], sa_mask[0]=0xfffefeff, sa_flags=0x00000042
SIGXFSZ: [libjvm.dylib+0x41e28a], sa_mask[0]=0xfffefeff, sa_flags=0x00000042
SIGILL: [libjvm.dylib+0x41e28a], sa_mask[0]=0xfffefeff, sa_flags=0x00000042
SIGUSR1: SIG_DFL, sa_mask[0]=0x00000000, sa_flags=0x00000000
SIGUSR2: [libjvm.dylib+0x41dd7c], sa_mask[0]=0x00000004, sa_flags=0x00000042
SIGHUP: [libjvm.dylib+0x41c00b], sa_mask[0]=0xfffefeff, sa_flags=0x00000042
SIGINT: SIG_IGN, sa_mask[0]=0x00000000, sa_flags=0x00000000
SIGTERM: [libjvm.dylib+0x41c00b], sa_mask[0]=0xfffefeff, sa_flags=0x00000042
SIGQUIT: [libjvm.dylib+0x41c00b], sa_mask[0]=0xfffefeff, sa_flags=0x00000042


---------------  S Y S T E M  ---------------

OS:Bsduname:Darwin 14.1.0 Darwin Kernel Version 14.1.0: Mon Dec 22 23:10:38 PST 2014; root:xnu-2782.10.72~2/RELEASE_X86_64 x86_64
rlimit: STACK 8192k, CORE 0k, NPROC 709, NOFILE 10240, AS infinity
load average:1.41 1.26 1.40

CPU:total 8 (4 cores per cpu, 2 threads per core) family 6 model 42 stepping 7, cmov, cx8, fxsr, mmx, sse, sse2, sse3, ssse3, sse4.1, sse4.2, popcnt, avx, aes, ht, tsc, tscinvbit

Memory: 4k page, physical 16777216k(4194304k free)

/proc/meminfo:


vm_info: Java HotSpot(TM) 64-Bit Server VM (24.60-b09) for bsd-amd64 JRE (1.7.0_60-b19), built on May  7 2014 12:52:25 by "java_re" with gcc 4.2.1 (Based on Apple Inc. build 5658) (LLVM build 2336.11.00)

time: Fri Apr 10 23:54:58 2015
elapsed time: 3 seconds

